<?xml version="1.0" encoding="UTF-8"?>
<!-- Generated by org.testng.reporters.JUnitXMLReporter -->
<testsuite hostname="hp-PC" ignored="2" name="Your logo Testcases(failed)" tests="1" failures="1" timestamp="09 Dec 2018 15:08:59 GMT" time="79.373" errors="0">
  <testcase name="VerifyLoginPagetitletest" time="0.078" classname="com.yourlogo.testcases.LoginPageTest">
    <failure type="java.lang.AssertionError" message="expected [Loggin - My Store] but found [Login - My Store]">
      <![CDATA[java.lang.AssertionError: expected [Loggin - My Store] but found [Login - My Store]
at com.yourlogo.testcases.LoginPageTest.VerifyLoginPagetitletest(LoginPageTest.java:42)
... Removed 31 stack frames]]>
    </failure>
  </testcase> <!-- VerifyLoginPagetitletest -->
  <testcase name="ValidateLoginTest" time="0.0" classname="com.yourlogo.testcases.LoginPageTest">
    <ignored/>
  </testcase> <!-- ValidateLoginTest -->
  <testcase name="validateInvalidCreateEmail" time="0.0" classname="com.yourlogo.testcases.LoginPageTest">
    <ignored/>
  </testcase> <!-- validateInvalidCreateEmail -->
</testsuite> <!-- Your logo Testcases(failed) -->
