<?xml version="1.0" encoding="UTF-8"?>
<!-- Generated by org.testng.reporters.JUnitXMLReporter -->
<testsuite hostname="hp-PC" ignored="0" name="Default test" tests="2" failures="0" timestamp="20 Jan 2019 19:22:02 GMT" time="100.727" errors="0">
  <testcase name="verifyReadDatafromExcel" time="5.775" classname="com.yourlogo.testcases.RegestrationPageTest"/>
  <testcase name="verifyReadDatafromExcel" time="5.21" classname="com.yourlogo.testcases.RegestrationPageTest"/>
</testsuite> <!-- Default test -->
