<?xml version="1.0" encoding="UTF-8"?>
<!-- Generated by org.testng.reporters.JUnitXMLReporter -->
<testsuite hostname="hp-PC" ignored="2" name="Your logo Testcases" tests="5" failures="0" timestamp="09 Dec 2018 11:10:48 GMT" time="333.606" errors="0">
  <testcase name="SignInbuttonTest" time="11.22" classname="com.yourlogo.testcases.HomePageTest"/>
  <testcase name="homepageLogotest" time="0.179" classname="com.yourlogo.testcases.HomePageTest"/>
  <testcase name="homepagetitletest" time="0.038" classname="com.yourlogo.testcases.HomePageTest"/>
  <testcase name="validateLoginTest" time="3.628" classname="com.yourlogo.testcases.LoginPageTest"/>
  <testcase name="testaddtocart" time="15.854" classname="com.yourlogo.testcases.QuickViewTest"/>
  <testcase name="loginpagetitletest" time="0.0" classname="com.yourlogo.testcases.LoginPageTest">
    <ignored/>
  </testcase> <!-- loginpagetitletest -->
  <testcase name="validateInvalidCreateEmail" time="0.0" classname="com.yourlogo.testcases.LoginPageTest">
    <ignored/>
  </testcase> <!-- validateInvalidCreateEmail -->
</testsuite> <!-- Your logo Testcases -->
